<?xml version="1.0" encoding="UTF-8"?>
<testng-results ignored="0" total="1" passed="1" failed="0" skipped="0">
  <reporter-output>
  </reporter-output>
  <suite started-at="2022-09-15T17:16:48 IST" name="Default suite" finished-at="2022-09-15T17:16:48 IST" duration-ms="50">
    <groups>
    </groups>
    <test started-at="2022-09-15T17:16:48 IST" name="Default test" finished-at="2022-09-15T17:16:48 IST" duration-ms="50">
      <class name="test.D1">
        <test-method signature="State()[pri:0, instance:test.D1@470734c3]" started-at="2022-09-15T17:16:48 IST" name="State" finished-at="2022-09-15T17:16:48 IST" duration-ms="9" status="PASS">
          <reporter-output>
          </reporter-output>
        </test-method> <!-- State -->
      </class> <!-- test.D1 -->
    </test> <!-- Default test -->
  </suite> <!-- Default suite -->
</testng-results>
